proguard/seeds.txt
com.baidu.mapapi.map.MyLocationData$Builder
com.baidu.mapapi.map.MyLocationData$Builder: double a
com.baidu.mapapi.map.MyLocationData$Builder: double b
com.baidu.mapapi.map.MyLocationData$Builder: float c
com.baidu.mapapi.map.MyLocationData$Builder: float d
com.baidu.mapapi.map.MyLocationData$Builder: float e
com.baidu.mapapi.map.MyLocationData$Builder: int f
com.baidu.mapapi.map.MyLocationData$Builder: MyLocationData$Builder()
com.baidu.mapapi.map.MyLocationData$Builder: com.baidu.mapapi.map.MyLocationData$Builder latitude(double)
com.baidu.mapapi.map.MyLocationData$Builder: com.baidu.mapapi.map.MyLocationData$Builder longitude(double)
com.baidu.mapapi.map.MyLocationData$Builder: com.baidu.mapapi.map.MyLocationData$Builder speed(float)
com.baidu.mapapi.map.MyLocationData$Builder: com.baidu.mapapi.map.MyLocationData$Builder direction(float)
com.baidu.mapapi.map.MyLocationData$Builder: com.baidu.mapapi.map.MyLocationData$Builder accuracy(float)
com.baidu.mapapi.map.MyLocationData$Builder: com.baidu.mapapi.map.MyLocationData$Builder satellitesNum(int)
com.baidu.mapapi.map.MyLocationData$Builder: com.baidu.mapapi.map.MyLocationData build()
com.baidu.mapapi.map.Overlay
com.baidu.mapapi.map.Overlay: java.lang.String p
com.baidu.mapapi.map.Overlay: com.baidu.platform.comapi.map.f q
com.baidu.mapapi.map.Overlay: int r
com.baidu.mapapi.map.Overlay: boolean s
com.baidu.mapapi.map.Overlay: android.os.Bundle t
com.baidu.mapapi.map.Overlay: com.baidu.mapapi.map.Overlay$a listener
com.baidu.mapapi.map.Overlay: Overlay()
com.baidu.mapapi.map.Overlay: boolean isVisible()
com.baidu.mapapi.map.Overlay: void setVisible(boolean)
com.baidu.mapapi.map.Overlay: int getZIndex()
com.baidu.mapapi.map.Overlay: void setZIndex(int)
com.baidu.mapapi.map.Overlay: android.os.Bundle getExtraInfo()
com.baidu.mapapi.map.Overlay: void setExtraInfo(android.os.Bundle)
com.baidu.mapapi.map.Overlay: android.os.Bundle a(android.os.Bundle)
com.baidu.mapapi.map.Overlay: android.os.Bundle a()
com.baidu.mapapi.map.Overlay: void remove()
com.baidu.mapapi.map.Overlay: void a(int,android.os.Bundle)
com.baidu.mapapi.map.Overlay: void a(java.util.List,android.os.Bundle)
com.baidu.mapapi.map.Overlay$a
com.baidu.mapapi.map.Overlay$a: void a(com.baidu.mapapi.map.Overlay)
com.baidu.mapapi.map.Overlay$a: void b(com.baidu.mapapi.map.Overlay)
com.baidu.mapapi.map.OverlayOptions
com.baidu.mapapi.map.OverlayOptions: OverlayOptions()
com.baidu.mapapi.map.OverlayOptions: com.baidu.mapapi.map.Overlay a()
com.baidu.mapapi.map.Polygon
com.baidu.mapapi.map.Polygon: com.baidu.mapapi.map.Stroke a
com.baidu.mapapi.map.Polygon: int b
com.baidu.mapapi.map.Polygon: java.util.List c
com.baidu.mapapi.map.Polygon: Polygon()
com.baidu.mapapi.map.Polygon: int getFillColor()
com.baidu.mapapi.map.Polygon: java.util.List getPoints()
com.baidu.mapapi.map.Polygon: com.baidu.mapapi.map.Stroke getStroke()
com.baidu.mapapi.map.Polygon: void setFillColor(int)
com.baidu.mapapi.map.Polygon: void setPoints(java.util.List)
com.baidu.mapapi.map.Polygon: void setStroke(com.baidu.mapapi.map.Stroke)
com.baidu.mapapi.map.Polygon: android.os.Bundle a(android.os.Bundle)