proguard/mapping.txt
com.loopj.android.http.JsonHttpResponseHandler$2$2 -> com.loopj.android.http.JsonHttpResponseHandler$2$2:
    org.json.JSONException val$ex -> val$ex
    com.loopj.android.http.JsonHttpResponseHandler$2 this$1 -> this$1
    void run() -> run
com.loopj.android.http.JsonStreamerEntity -> com.loopj.android.http.JsonStreamerEntity:
    java.lang.String LOG_TAG -> LOG_TAG
    java.lang.UnsupportedOperationException ERR_UNSUPPORTED -> ERR_UNSUPPORTED
    int BUFFER_SIZE -> BUFFER_SIZE
    byte[] buffer -> buffer
    java.lang.StringBuilder BUILDER -> BUILDER
    byte[] JSON_TRUE -> JSON_TRUE
    byte[] JSON_FALSE -> JSON_FALSE
    byte[] JSON_NULL -> JSON_NULL
    byte[] STREAM_NAME -> STREAM_NAME
    byte[] STREAM_TYPE -> STREAM_TYPE
    byte[] STREAM_CONTENTS -> STREAM_CONTENTS
    byte[] STREAM_ELAPSED -> STREAM_ELAPSED
    org.apache.http.Header HEADER_JSON_CONTENT -> HEADER_JSON_CONTENT
    org.apache.http.Header HEADER_GZIP_ENCODING -> HEADER_GZIP_ENCODING
    java.util.Map jsonParams -> jsonParams
    org.apache.http.Header contentEncoding -> contentEncoding
    com.loopj.android.http.ResponseHandlerInterface progressHandler -> progressHandler
    void addPart(java.lang.String,java.lang.Object) -> addPart
    boolean isRepeatable() -> isRepeatable
    boolean isChunked() -> isChunked
    boolean isStreaming() -> isStreaming
    long getContentLength() -> getContentLength
    org.apache.http.Header getContentEncoding() -> getContentEncoding
    org.apache.http.Header getContentType() -> getContentType
    void consumeContent() -> consumeContent
    java.io.InputStream getContent() -> getContent
    void writeTo(java.io.OutputStream) -> writeTo
com.loopj.android.http.JsonValueInterface -> com.loopj.android.http.JsonValueInterface:
    byte[] getEscapedJsonValue() -> getEscapedJsonValue
com.loopj.android.http.MyRedirectHandler -> com.loopj.android.http.MyRedirectHandler:
    java.lang.String REDIRECT_LOCATIONS -> REDIRECT_LOCATIONS
    boolean enableRedirects -> enableRedirects
    boolean isRedirectRequested(org.apache.http.HttpResponse,org.apache.http.protocol.HttpContext) -> isRedirectRequested
    java.net.URI getLocationURI(org.apache.http.HttpResponse,org.apache.http.protocol.HttpContext) -> getLocationURI
com.loopj.android.http.MySSLSocketFactory -> com.loopj.android.http.MySSLSocketFactory:
    javax.net.ssl.SSLContext sslContext -> sslContext
    java.net.Socket createSocket(java.net.Socket,java.lang.String,int,boolean) -> createSocket
    java.net.Socket createSocket() -> createSocket
    void fixHttpsURLConnection() -> fixHttpsURLConnection
    java.security.KeyStore getKeystoreOfCA(java.io.InputStream) -> getKeystoreOfCA
    java.security.KeyStore getKeystore() -> getKeystore
    org.apache.http.conn.ssl.SSLSocketFactory getFixedSocketFactory() -> getFixedSocketFactory
    org.apache.http.impl.client.DefaultHttpClient getNewHttpClient(java.security.KeyStore) -> getNewHttpClient
com.loopj.android.http.MySSLSocketFactory$1 -> com.loopj.android.http.MySSLSocketFactory$1:
    com.loopj.android.http.MySSLSocketFactory this$0 -> this$0
    void checkClientTrusted(java.security.cert.X509Certificate[],java.lang.String) -> checkClientTrusted
    void checkServerTrusted(java.security.cert.X509Certificate[],java.lang.String) -> checkServerTrusted
    java.security.cert.X509Certificate[] getAcceptedIssuers() -> getAcceptedIssuers