proguard/usage.txt
cn.sharesdk.onekeyshare.CustomerLogo
cn.sharesdk.onekeyshare.OnekeyShare
cn.sharesdk.onekeyshare.OnekeySharePage:
    private cn.sharesdk.onekeyshare.OnekeyShareThemeImpl impl
    24:26:public OnekeySharePage(cn.sharesdk.onekeyshare.OnekeyShareThemeImpl)
    30:30:protected final boolean isDialogMode()
    34:34:protected final java.util.HashMap getShareParamsMap()
    39:39:protected final boolean isSilent()
    43:43:protected final java.util.ArrayList getCustomerLogos()
    47:47:protected final java.util.HashMap getHiddenPlatforms()
    51:51:protected final cn.sharesdk.framework.PlatformActionListener getCallback()
    55:55:protected final cn.sharesdk.onekeyshare.ShareContentCustomizeCallback getCustomizeCallback()
    59:59:protected final boolean isDisableSSO()
    63:64:protected final void shareSilently(cn.sharesdk.framework.Platform)
    67:70:protected final cn.sharesdk.framework.Platform$ShareParams formateShareData(cn.sharesdk.framework.Platform)
    74:74:protected final boolean isUseClientToShare(cn.sharesdk.framework.Platform)
cn.sharesdk.onekeyshare.OnekeyShareThemeImpl:
    protected boolean dialogMode
    protected java.util.HashMap shareParamsMap
    protected boolean silent
    protected java.util.ArrayList customerLogos
    protected java.util.HashMap hiddenPlatforms
    protected cn.sharesdk.onekeyshare.ShareContentCustomizeCallback customizeCallback
    protected boolean disableSSO
    51:52:public final void setDialogMode(boolean)
    55:56:public final void setShareParamsMap(java.util.HashMap)
    59:60:public final void setSilent(boolean)
    63:64:public final void setCustomerLogos(java.util.ArrayList)
    67:68:public final void setHiddenPlatforms(java.util.HashMap)
    71:72:public final void setPlatformActionListener(cn.sharesdk.framework.PlatformActionListener)
    75:76:public final void setShareContentCustomizeCallback(cn.sharesdk.onekeyshare.ShareContentCustomizeCallback)
    79:80:public final void disableSSO()
    83:101:public final void show(android.content.Context)
    105:134:final boolean isUseClientToShare(cn.sharesdk.framework.Platform)
    138:152:final void shareSilently(cn.sharesdk.framework.Platform)
    155:166:private void prepareForEditPage(cn.sharesdk.framework.Platform)
    169:285:final boolean formateShareData(cn.sharesdk.framework.Platform)
    289:312:final cn.sharesdk.framework.Platform$ShareParams shareDataToShareParams(cn.sharesdk.framework.Platform)
    protected abstract void showPlatformPage(android.content.Context)
cn.sharesdk.onekeyshare.ShareContentCustomizeCallback
cn.sharesdk.onekeyshare.themes.classic.ClassicTheme:
    27:34:protected void showPlatformPage(android.content.Context)
    39:48:protected void showEditPage(android.content.Context,cn.sharesdk.framework.Platform,cn.sharesdk.framework.Platform$ShareParams)
cn.sharesdk.onekeyshare.themes.classic.EditPage
cn.sharesdk.onekeyshare.themes.classic.FriendListPage:
    private static final int DESIGN_LEFT_PADDING
    49:50:public FriendListPage(cn.sharesdk.onekeyshare.OnekeyShareThemeImpl)
    53:54:public void setPlatform(cn.sharesdk.framework.Platform)
cn.sharesdk.onekeyshare.themes.classic.PicViewerPage
cn.sharesdk.onekeyshare.themes.classic.PicViewerPage$1
cn.sharesdk.onekeyshare.themes.classic.PlatformPage
cn.sharesdk.onekeyshare.themes.classic.PlatformPage$1
cn.sharesdk.onekeyshare.themes.classic.PlatformPage$2
cn.sharesdk.onekeyshare.themes.classic.PlatformPage$3
cn.sharesdk.onekeyshare.themes.classic.PlatformPage$4
cn.sharesdk.onekeyshare.themes.classic.PlatformPageAdapter
cn.sharesdk.onekeyshare.themes.classic.land.EditPageLand
cn.sharesdk.onekeyshare.themes.classic.land.EditPageLand$1
cn.sharesdk.onekeyshare.themes.classic.land.FriendListPageLand
cn.sharesdk.onekeyshare.themes.classic.land.PlatformPageAdapterLand
cn.sharesdk.onekeyshare.themes.classic.land.PlatformPageLand
cn.sharesdk.onekeyshare.themes.classic.port.EditPagePort
cn.sharesdk.onekeyshare.themes.classic.port.EditPagePort$1